8 100

9 99

10 100

19 100

5 100

6 100

2 99

9 100

3 99

1 100

3 99

4 100

13 100

7 100

3 99

11 100

4 99

4 100

8 100

2 98

1 100

6 100

3 100

1 100

1 99

4 100

2 100

5 100

2 98

9 100

1 99

2 99

5 100

20 100

1 100

4 100

5 100

8 100

3 99

2 100

2 100

5 100

1 100

4 100

7 100

3 100

3 98

7 100

8 99

1 100

7 100

3 99

4 99

1 100

12 100

7 100

1 99

2 100

3 99

7 100

7 100

1 100

6 100

5 100

6 100

7 100

5 100

4 98

9 100

9 100

7 100

4 100

2 100

3 100

5 100

8 100

1 100

13 100

3 100

5 100

2 100

4 100

8 99

3 100

4 100

4 100

3 98

3 100

7 100

4 99

12 100

3 100

1 99

13 100

26 100

16 100

11 100

4 100

12 100

6 100

11 100

13 99

3 100

6 100

12 100

1 100

2 100

8 100

6 100

3 100

5 100

20 100

4 100

1 98

1 100

12 99

7 100

6 100

6 99

12 100

1 100

10 100

2 99

19 100

1 100

2 100

1 100

13 100

10 100

16 100

7 99

5 100

10 100

12 100

2 99

1 99

5 99

3 100

1 100

10 98

7 100

2 100

6 100

1 99

4 100

8 100

1 100

4 99

11 99

4 100

7 100

13 100

6 100

2 99

1 100

6 100

2 100

5 100

2 100

6 99

6 97

1 100

8 100

4 99

9 100

3 99

2 100

1 99

7 100

1 100

6 99

10 99

5 100

4 99

2 99

4 100

1 100

2 99

9 100

2 100

11 100

7 100

5 100

14 99

6 100

12 100

16 100

3 99

11 100

14 100

1 100

15 100

8 100

6 100

6 99

5 100

5 99

5 99

2 98

6 100

10 100

5 100

2 100

4 100

12 100

3 100

1 100

5 99

3 100

4 100

7 100

5 99

2 100

4 100

2 100

5 100

3 98

1 100

5 99

13 99

10 99

2 99

7 100

5 99

2 100

7 100

6 100

3 100

1 99

4 99

10 100

5 100

2 100

2 100

5 99

8 100

6 100

15 100

10 99

1 100

7 98

1 100

13 100

6 99

9 99

6 99

4 100

3 100

4 99

4 100

1 100

4 100

6 100

2 100

1 100

5 100

14 100

7 99

6 100

4 100

6 99

3 100

5 100

1 100

4 99

1 100

11 100

2 99

11 100

3 100

17 100

2 100

5 100

3 100

10 100

7 100

13 100

5 100

10 99

2 100

1 100

3 100

1 100

3 100

8 100

1 99

8 100

5 100

5 99

2 100

6 99

4 100

8 100

1 100

5 99

3 98

11 100

1 99

2 100

8 100

7 100

2 100

10 100

5 100

1 100

1 100

9 100

1 99

6 100

6 100

2 99

3 99

3 100

2 100

10 100

13 100

5 99

1 99

9 99

3 100

8 100

2 99

11 99

2 100

2 100

4 100

7 100

6 100

17 100

3 100

12 100

2 99

3 100

1 99

5 100

11 100

1 100

9 99

5 100

3 99

4 100

5 100

12 100

6 100

1 99

4 99

11 100

5 99

11 100

2 99

3 100

4 100

4 99

12 99

3 100

1 100

19 100

2 99

7 99

1 98

12 100

2 99

13 99

3 100

12 100

5 100

2 100

5 100

1 100

7 99

5 100

6 100

6 99

3 100

12 100

6 100

4 100

9 100

6 100

7 100

1 98

9 100

8 100

2 100

4 100

10 100

1 98

7 100

5 99

1 100

14 100

1 99

7 100

6 99

19 100

6 100

6 100

3 100

1 100

9 100

9 100

7 100

1 99

1 100

1 100

1 100

3 100

7 100

1 98

11 100

5 100

9 100

8 99

12 100

2 99

7 100

2 100

7 100

4 99

9 100

6 99

4 99

1 100

2 98

16 100

3 100

3 100

7 100

9 100

2 100

11 100

1 98

4 99

2 100

2 100

3 100

6 100

1 99

21 100

10 100

8 100

4 100

6 99

9 100

15 100

7 100

5 99

12 100

2 98

4 100

1 100

2 99

2 100

4 99

5 100

10 100

7 100

4 100

8 100

1 99

8 100

15 100

7 99

6 100

4 99

6 100

1 99

1 100

4 99

5 99

6 100

15 100

3 99

15 100

6 99

3 99

3 99

5 99

1 100

2 100

16 100

1 100

8 100

16 100

7 100

1 100

3 100

5 100

3 99

7 100

1 99

3 99

4 98

1 99

11 99

2 100

4 97

17 100

2 100

10 100

9 100

1 99

5 100

4 100

21 100

9 99

11 99

4 99

1 100

2 100

16 100

21 99

2 99

9 98

3 99

2 100

6 99

2 100

2 100

7 100

11 99

1 100

4 100

6 100

1 99

1 100

8 100

2 100

7 100

12 100

6 100

3 99

2 100

5 100

4 100

10 100

4 99

1 100

10 100

11 100

8 100

6 100

3 100

2 100

3 100

8 100

3 100

2 99

7 98

6 100

1 100

3 100

1 100

3 100

13 100

7 100

3 100

6 99

3 100

3 100

17 100

8 100

12 100

8 100

25 100

1 99

2 99

2 100

5 100

3 100

5 100

1 100

4 100

3 99

1 100

4 100

1 100

1 100

5 100

3 100

1 99

4 100

13 100

5 98

10 100

5 100

3 99

7 98

7 99

7 100

4 100

3 99

2 100

2 99

13 100

1 99

1 100

5 100

7 99

11 99

2 99

4 100

4 100

6 100

3 100

16 100

8 100

9 100

9 100

9 100

7 100

1 100

7 100

13 100

1 100

7 100

11 100

8 100

8 100

5 100

2 100

3 100

13 100

5 100

3 98

4 100

4 99

11 100

9 100

8 100

3 99

1 98

6 99

5 100

14 100

5 99

10 100

2 100

3 100

19 100

1 100

13 99

1 100

8 100

2 99

3 100

2 100

4 100

5 100

4 100

10 100

8 100

5 100

9 100

1 100

4 100

4 99

4 100

3 100

2 100

3 99

3 100

8 100

6 100

3 100

1 100

12 100

1 99

10 99

12 100

16 99

2 100

1 100

4 100

6 99

1 100

7 100

14 100

3 98

13 100

6 100

3 97

2 99

10 100

2 100

8 100

8 99

5 99

2 100

14 100

9 100

1 99

3 99

3 100

18 100

8 99

4 100

10 100

6 100

4 100

3 100

3 100

10 100

3 100

6 100

12 100

4 100

2 99

2 100

1 99

8 100

12 99

3 100

5 100

5 100

2 99

8 100

5 99

2 100

2 99

2 99

11 100

1 99

3 99

1 100

5 100

1 99

1 99

9 100

8 100

13 100

4 99

5 99

6 100

1 100

10 99

6 100

2 99

5 99

2 99

5 100

1 100

4 100

2 100

7 100

2 100

13 100

6 99

12 100

3 100

4 99

3 100

2 100

9 100

12 100

7 100

4 100

16 100

2 100

1 100

3 100

8 100

7 100

4 100

3 100

3 99

1 100

1 100

4 99

6 99

7 100

11 100

8 100

5 100

3 100

6 99

3 99

1 99

14 100

1 100

6 99

9 99

7 100

2 100

11 100

9 100

4 99

1 100

3 100

2 100

9 100

2 100

15 100

1 100

3 100

1 99

3 99

4 100

5 100

1 99

11 100

1 100

2 100

2 100

6 100

19 100

9 99

4 100

4 100

1 100

13 100

10 98

6 100

7 99

7 100

4 98

5 100

12 100

6 100

1 100

4 99

4 100

4 99

1 99

1 99

7 99

12 100

6 99

8 100

3 99

7 100

3 100

7 100

2 100

6 99

6 100

16 100

1 100

7 100

5 100

1 99

3 100

6 100

8 100

2 100

4 100

4 99

3 100

3 99

4 100

3 100

9 100

3 100

3 99

8 98

7 100

13 100

10 100

9 100

1 100

6 100

9 100

2 100

3 100

4 100

4 100

2 100

8 100

7 100

2 100

11 100

18 100

11 100

4 100

5 99

3 99

5 99

3 99

2 98

3 100

8 100

5 100

5 99

2 99

3 99

10 100

2 100

8 99

14 100

15 100

1 100

9 100

10 100

4 100

11 100

9 100

5 100

18 100

1 100

2 100

7 100

6 99

3 100

4 100

2 100

9 100

20 100

3 100

11 100

3 99

4 100

11 100

1 99

4 99

3 100

5 100

9 100

9 100

7 100

5 100

9 100

4 100

3 100

5 100

2 100

3 100

12 100

1 100

10 100

9 100

4 100

5 99

5 98

5 100

1 100

3 100

7 100

2 100

2 100

6 99

7 100

7 100

6 100

3 100

5 100

12 100

10 100

6 99

4 98

4 99

9 99

13 99

2 100

8 99

7 99

5 99

4 100

3 100

11 100

4 100

2 100

1 100

5 100

3 100

8 100

2 100

6 100

2 100

1 100

6 100

2 100

8 100

1 100

9 100

3 100

4 100

7 100

5 100

17 100

6 99

6 100

4 100

3 100

16 100

3 99

10 100

12 99

1 100

8 100

1 100

4 100

7 100

2 100

8 100

4 100

7 100

3 100

3 99

2 100

1 100

