1 94

2 96

2 98

1 97

3 98

3 98

15 99

3 98

1 98

2 100

8 97

1 99

34 89

15 96

14 99

1 93

4 99

3 97

9 91

12 92

2 99

2 96

19 97

4 99

2 93

1 96

12 100

1 88

6 91

3 97

1 99

9 99

1 95

8 93

4 86

1 97

2 97

2 97

1 94

1 98

5 98

1 95

7 97

10 97

1 96

1 98

1 90

1 99

1 87

10 98

2 89

2 95

3 95

10 90

8 96

3 99

31 95

1 96

8 97

14 96

3 97

1 100

10 82

1 93

2 89

3 97

1 97

1 97

17 97

12 90

16 98

1 93

1 91

17 97

2 94

1 92

7 95

1 93

15 93

2 98

6 97

3 96

5 97

2 98

1 95

13 89

3 98

1 92

4 95

1 96

7 96

1 96

6 97

5 89

1 87

3 96

1 76

9 91

12 100

9 89

5 93

4 91

10 93

2 90

1 94

15 98

1 95

13 97

0 0

1 84

17 88

2 89

7 90

6 91

8 94

1 94

2 90

1 93

8 98

11 97

5 98

1 96

7 95

3 97

1 100

1 98

16 100

12 99

1 94

3 92

1 89

1 99

4 99

13 96

1 95

19 96

4 98

3 100

1 100

3 88

8 94

6 93

2 90

3 96

11 99

3 92

8 92

4 99

8 95

15 90

14 94

6 89

2 99

3 96

4 99

5 96

2 100

1 89

7 98

6 99

28 79

10 100

25 95

6 93

2 94

7 95

10 99

4 98

5 98

4 95

1 84

8 92

1 99

2 93

1 97

15 96

6 91

10 97

3 95

9 96

2 98

9 92

5 100

3 94

6 100

1 96

4 98

2 96

1 98

1 94

6 97

2 94

8 100

1 86

13 89

30 97

1 91

1 94

1 97

1 91

9 99

1 99

5 98

1 93

1 90

7 99

5 93

4 98

14 97

9 94

3 98

3 90

3 90

9 95

1 97

7 78

1 96

11 95

2 92

19 92

6 92

15 97

1 95

16 94

1 97

2 96

2 94

9 98

4 98

2 95

2 95

1 93

4 88

1 99

1 80

34 95

2 98

2 92

2 97

4 100

7 98

10 99

3 97

13 92

1 90

2 96

2 98

6 97

2 96

13 93

8 95

0 0

9 94

6 98

9 96

1 90

5 95

1 97

4 99

9 98

16 92

10 88

1 95

1 100

9 97

13 95

7 92

1 95

6 91

34 80

4 93

1 99

1 96

7 97

6 99

6 96

2 98

3 93

3 96

6 89

11 99

5 83

2 100

1 99

2 89

2 87

7 96

2 95

2 85

7 89

14 97

7 96

6 99

9 98

10 90

2 97

9 94

5 96

8 99

11 96

3 93

2 100

1 85

4 91

4 96

11 72

1 92

1 99

10 95

10 96

1 98

1 90

1 90

12 94

6 96

6 94

3 98

3 93

5 92

11 99

2 99

1 95

8 97

15 98

9 98

7 96

4 96

4 98

12 97

1 85

3 94

13 92

1 94

2 90

1 95

6 96

4 95

5 94

1 83

4 95

3 97

3 86

14 95

27 95

3 95

9 95

6 98

1 92

3 98

11 97

3 100

12 95

3 97

15 96

8 100

9 98

2 95

1 97

5 91

5 93

1 98

12 100

8 96

9 97

9 98

17 93

3 99

16 98

4 100

1 84

1 96

1 95

5 95

1 95

1 88

10 89

3 97

8 99

9 95

1 87

23 99

1 97

8 100

2 100

13 94

9 99

3 91

2 96

2 89

11 92

11 92

4 96

2 98

1 95

1 90

21 96

4 97

1 92

0 0

1 94

6 97

3 95

5 91

12 96

2 90

16 98

8 97

5 90

6 91

2 88

0 0

7 93

5 98

1 92

3 98

6 98

3 89

1 93

16 88

1 97

1 90

1 97

3 99

7 91

2 90

2 99

1 96

3 98

3 89

1 98

11 100

14 94

2 92

31 94

4 97

2 98

4 97

8 97

1 93

0 0

3 99

1 98

5 97

7 99

1 95

0 0

17 94

2 93

7 89

3 96

8 90

7 89

9 95

1 90

21 94

2 85

1 91

2 96

4 98

7 97

5 95

27 98

2 94

5 98

4 99

1 94

12 96

2 95

13 100

1 93

2 97

6 96

7 94

2 89

3 92

9 96

6 93

1 93

3 91

2 100

2 95

7 97

2 97

4 98

17 90

2 97

8 97

1 95

7 92

1 92

7 94

17 91

6 81

1 99

6 97

9 91

10 96

7 90

1 98

3 83

1 94

5 96

1 90

6 97

1 87

1 94

7 95

8 97

2 92

1 97

4 89

0 0

2 99

16 89

5 92

5 85

1 87

6 91

1 99

2 94

2 87

2 100

1 98

5 99

3 88

3 95

8 100

10 98

3 96

1 94

3 98

9 99

5 97

4 99

16 92

26 88

9 94

4 94

6 88

8 89

1 98

11 89

3 100

2 100

1 96

1 94

2 99

1 97

1 94

10 95

22 91

7 96

7 91

1 99

3 93

2 97

1 99

1 96

11 97

1 99

9 96

13 95

2 89

3 85

4 94

10 93

7 95

1 96

5 100

1 89

4 97

2 91

6 98

1 97

1 100

6 83

6 88

2 95

1 97

2 97

2 95

7 88

10 96

8 94

1 95

2 95

21 99

9 90

22 77

1 78

9 98

2 98

1 95

1 96

6 89

11 99

5 96

2 99

1 77

1 95

1 87

1 99

2 97

2 97

4 97

3 83

1 96

2 97

2 98

3 97

1 98

5 95

8 99

1 87

14 92

5 91

5 93

1 94

1 95

10 94

8 99

1 99

1 85

19 95

1 93

2 97

1 97

10 98

4 99

21 100

1 90

1 98

1 92

1 99

3 94

4 97

1 85

3 90

2 97

18 98

17 93

4 93

12 86

1 81

2 99

6 94

6 97

1 94

6 99

1 87

1 83

9 98

18 87

2 87

5 99

1 97

1 90

1 99

0 0

24 99

0 0

2 99

0 0

3 95

4 96

3 93

7 93

22 96

1 94

5 88

1 89

20 98

3 93

11 90

1 94

7 96

8 99

1 86

1 97

5 96

19 100

2 95

2 99

7 91

11 93

2 90

2 90

4 98

2 100

2 93

3 99

4 95

3 99

8 91

4 91

6 98

4 100

1 97

2 96

11 90

2 99

2 99

1 95

5 91

5 99

4 92

12 96

12 90

2 100

5 98

6 99

3 96

6 92

5 100

8 99

5 87

6 99

25 96

2 100

2 99

1 96

2 94

2 94

6 92

4 61

2 92

12 98

3 98

10 96

1 93

1 88

6 99

1 95

1 93

6 97

16 89

13 92

1 98

16 89

2 99

1 88

17 89

3 98

6 99

18 98

4 96

1 94

2 90

6 86

18 88

23 100

15 98

1 98

3 98

2 88

5 99

3 98

12 92

12 98

1 100

8 93

12 93

0 0

3 99

1 93

7 87

7 98

2 94

1 89

1 96

6 99

1 87

6 99

13 99

3 100

1 92

19 93

8 94

14 100

21 95

6 99

6 97

5 98

6 98

3 88

1 85

2 97

9 87

2 98

10 93

3 98

1 93

5 95

1 100

2 99

2 82

11 98

1 90

2 91

4 89

1 85

2 88

1 96

12 88

3 94

5 95

2 96

0 0

1 86

11 98

18 95

3 96

1 95

3 90

2 92

2 95

1 93

8 99

1 97

1 100

8 92

28 89

3 95

8 95

9 96

23 77

4 95

1 94

3 94

6 93

6 98

3 100

13 95

7 88

1 95

1 99

1 93

11 96

8 98

1 95

4 94

5 77

12 85

6 98

2 100

8 98

31 95

1 99

10 93

9 92

3 100

3 90

20 99

6 86

2 92

12 95

1 95

3 93

1 90

11 92

2 84

1 85

1 97

13 97

14 90

11 94

27 96

26 95

3 95

1 97

2 98

1 96

3 88

10 98

3 94

3 99

12 85

3 99

2 98

8 100

2 96

1 99

1 86

2 99

9 82

4 89

3 93

1 96

13 98

8 98

16 99

17 97

3 97

5 94

1 93

1 89

2 92

5 92

3 100

1 99

1 96

10 97

1 94

10 87

1 97

1 98

1 93

2 99

6 98

9 93

1 95

7 96

1 99

5 93

6 92

10 94

4 87

11 97

6 98

2 96

2 94

1 94

5 88

69 99

1 98

1 98

1 93

4 100

4 92

1 90

2 95

2 97

1 90

9 94

17 90

2 99

9 89

1 95

7 98

14 92

0 0

5 97

10 88

1 92

6 97

15 94

6 89

2 98

2 96

7 96

2 98

4 90

2 100

19 99

1 97

1 95

16 95

2 97

0 0

3 98

1 96

14 98

8 98

2 98

2 95

7 96

4 94

2 100

16 94

1 98

19 96

22 92

14 99

1 89

14 96

2 98

2 93

8 97

6 88

4 94

9 95

0 0

5 99

5 88

2 98

19 97

12 99

1 100

3 95

6 90

16 91

2 98

0 0

2 96

4 100

1 97

8 96

8 95

1 99

5 93

