29 245891 100237
14 245205 620353
6 265817 95034
19 219253 907457
14 245205 620353
48 330757 14511
10 192502 816358
5 335393 208764
27 154857 934742
9 332900 276818
46 406524 30896
34 204186 704940
9 332900 276818
1 128319 666451
44 390532 341930
38 165085 584053
13 535107 236564
47 107040 635724
38 165085 584053
24 522194 311283
33 36052 678879
38 165085 584053
45 836916 250730
8 207790 504598
20 572557 392907
30 966707 294811
36 76089 470732
20 572557 392907
25 2545 473768
39 644287 418505
2 120808 425171
40 500262 491352
35 16326 337352
49 970661 645808
40 500262 491352
12 848041 610277
17 177379 345222
40 500262 491352
41 760930 630717
7 5782 90512
32 906029 856336
40 500262 491352
43 861682 829584
18 127329 134954
26 7952 10881
