810346 22 266640
31097 19 610518
410027 25 8880
147217 18 692628
325112 26 17308
136879 16 838703
21141 14 995838
31097 19 610518
136879 16 838703
147217 18 692628
554369 29 20719
31097 19 610518
865434 13 830196
752824 30 313222
920552 9 882853
623906 35 211493
31097 19 610518
270638 32 297670
618874 0 990196
553072 37 211858
965648 14 646043
521756 46 79822
270638 32 297670
134814 50 152337
752824 30 313222
270638 32 297670
979537 5 491917
752824 30 313222
712671 55 159109
270638 32 297670
446409 60 144644
911761 16 369306
780455 8 405288
270638 32 297670
911761 16 369306
249288 77 97943
270638 32 297670
423205 80 117013
972137 14 358061
824830 46 246220
805195 18 337172
81866 78 144138
824830 46 246220
252650 137 866
81866 78 144138
810346 22 266640
682404 147 10669
433414 17 264929
949888 160 32059
553072 37 211858
929953 153 45610
623906 35 211493
303297 102 128294
969954 200 8052
452520 4 237456
299406 163 53742
81866 78 144138
800606 199 16072
299406 163 53742
712671 55 159109
224902 181 37258
299406 163 53742
446409 60 144644
134814 50 152337
19786 190 52442
446409 60 144644
255726 276 4676
423205 80 117013
962764 161 82679
442180 18 142705
423205 80 117013
181383 318 30142
460203 371 12284
962764 161 82679
181383 318 30142
249288 77 97943
25174 372 31935
751070 0 107900
972990 443 18223
25174 372 31935
763513 4 90509
581819 408 29161
793550 0 87264
723652 494 18217
521756 46 79822
713797 528 15102
581819 408 29161
19786 190 52442
554929 628 8988
299406 163 53742
673025 471 27777
929953 153 45610
495514 754 14700
673025 471 27777
25174 372 31935
756329 857 14832
673025 471 27777
224902 181 37258
597314 787 18046
673025 471 27777
601520 1268 6325
581819 408 29161
360212 946 15984
181383 318 30142
576324 1215 11797
825852 1542 5137
949888 160 32059
576324 1215 11797
925123 1517 6746
360212 946 15984
576324 1215 11797
400986 1706 4276
597314 787 18046
576324 1215 11797
709285 2024 3186
756329 857 14832
144549 2311 455
723652 494 18217
792559 1813 5717
972990 443 18223
424763 2420 264
792559 1813 5717
495514 754 14700
554369 29 20719
354361 2514 198
495514 754 14700
998435 1809 6028
713797 528 15102
406997 2363 3376
325112 26 17308
902793 3061 381
800606 199 16072
377957 1771 8532
586181 2871 3486
460203 371 12284
381224 3440 2416
682404 147 10669
11900 3568 2693
554929 628 8988
41404 4443 1181
925123 1517 6746
904361 4569 1176
998435 1809 6028
410027 25 8880
138751 4773 1574
998435 1809 6028
631985 5135 1073
969954 200 8052
200532 3720 3272
856477 5449 993
792559 1813 5717
200532 3720 3272
589412 6234 105
601520 1268 6325
200532 3720 3272
825852 1542 5137
737532 6397 1099
200532 3720 3272
471340 10040 5
400986 1706 4276
957270 7348 1414
586181 2871 3486
255726 276 4676
659312 6641 1834
586181 2871 3486
908722 7913 1310
659312 6641 1834
926026 7745 1396
406997 2363 3376
659312 6641 1834
456838 10463 511
926026 7745 1396
709285 2024 3186
659312 6641 1834
11900 3568 2693
760702 10981 771
659312 6641 1834
852504 12725 584
381224 3440 2416
35760 14290 364
926026 7745 1396
194122 16229 356
957270 7348 1414
270376 19019 139
908722 7913 1310
77837 15535 523
138751 4773 1574
794855 18969 249
77837 15535 523
737532 6397 1099
430109 15305 634
930584 21540 310
904361 4569 1176
430109 15305 634
41404 4443 1181
988440 23827 217
430109 15305 634
573963 27964 68
631985 5135 1073
430109 15305 634
421970 28012 109
856477 5449 993
256428 29640 78
760702 10981 771
494222 25386 246
77837 15535 523
69191 35473 73
852504 12725 584
252650 137 866
77837 15535 523
852504 12725 584
968673 38383 44
77837 15535 523
949198 40370 13
456838 10463 511
389020 38066 130
930584 21540 310
913849 41425 129
194122 16229 356
930584 21540 310
790886 56315 20
35760 14290 364
144549 2311 455
930584 21540 310
35760 14290 364
112880 58107 86
930584 21540 310
182025 53404 161
902793 3061 381
738502 69004 103
685736 77707 68
182025 53404 161
738502 69004 103
494222 25386 246
182025 53404 161
139204 106245 1
794855 18969 249
182025 53404 161
363044 105248 30
988440 23827 217
424763 2420 264
146519 85354 93
988440 23827 217
939984 80367 105
354361 2514 198
419061 128373 53
939984 80367 105
171383 168737 32
913849 41425 129
834800 172205 47
389020 38066 130
939984 80367 105
270376 19019 139
629735 258801 11
939984 80367 105
481382 262434 19
738502 69004 103
137914 206766 49
146519 85354 93
980290 240121 37
137914 206766 49
421970 28012 109
455154 329265 8
137914 206766 49
797266 380585 0
589412 6234 105
137914 206766 49
187214 264490 34
112880 58107 86
137914 206766 49
983353 378347 7
187214 264490 34
206927 420719 1
980290 240121 37
256428 29640 78
187214 264490 34
685736 77707 68
267444 504779 2
69191 35473 73
510906 514117 4
573963 27964 68
646642 545331 3
419061 128373 53
622934 322911 32
834800 172205 47
745814 464002 18
622934 322911 32
742810 617058 3
745814 464002 18
980290 240121 37
572755 727279 2
187214 264490 34
298960 619898 14
968673 38383 44
805440 575747 17
818051 945776 3
171383 168737 32
805440 575747 17
188984 851623 8
363044 105248 30
171306 842575 9
745814 464002 18
801942 904841 8
298960 619898 14
481382 262434 19
958524 967905 10
298960 619898 14
790886 56315 20
805440 575747 17
121168 750177 18
949198 40370 13
805440 575747 17
629735 258801 11
46734 868919 23
805440 575747 17
471340 10040 5
781830 613232 19
432407 761947 24
139204 106245 1
781830 613232 19
455154 329265 8
539605 808358 35
983353 378347 7
528400 699423 29
740563 973901 48
805440 575747 17
58730 796880 36
797266 380585 0
805440 575747 17
528400 699423 29
982861 971242 56
206927 420719 1
528400 699423 29
672509 718312 31
781830 613232 19
325650 994959 63
672509 718312 31
874562 938964 58
510906 514117 4
672509 718312 31
267444 504779 2
528400 699423 29
355507 951790 68
672509 718312 31
646642 545331 3
528400 699423 29
582749 905318 65
298960 619898 14
645681 933945 71
672509 718312 31
241184 871409 62
742810 617058 3
414870 901210 70
241184 871409 62
432407 761947 24
670616 937377 93
121168 750177 18
798952 858000 67
572755 727279 2
41071 851521 68
58730 796880 36
187130 928785 143
539605 808358 35
50022 974706 188
41071 851521 68
825466 898558 120
568780 955296 186
798952 858000 67
825466 898558 120
603077 964007 208
241184 871409 62
693456 960329 217
171306 842575 9
428219 948870 203
602879 983767 270
188984 851623 8
428219 948870 203
159392 984808 278
46734 868919 23
428219 948870 203
414870 901210 70
514474 983176 306
187130 928785 143
566244 982925 306
428219 948870 203
582749 905318 65
232697 966577 260
428219 948870 203
344419 990328 341
232697 966577 260
954657 996403 379
801942 904841 8
232697 966577 260
785213 981880 334
670616 937377 93
232697 966577 260
645681 933945 71
670616 937377 93
434608 996679 527
874562 938964 58
99488 974908 396
568780 955296 186
407932 989692 585
693456 960329 217
653761 992752 626
99488 974908 396
818051 945776 3
61603 985363 547
355507 951790 68
957655 990305 631
99488 974908 396
48189 992585 674
232697 966577 260
99488 974908 396
603077 964007 208
237858 995865 809
99488 974908 396
628149 991083 742
958524 967905 10
272362 998444 1005
50022 974706 188
332672 994593 894
982861 971242 56
50022 974706 188
83113 989958 910
740563 973901 48
495085 990693 958
83113 989958 910
785213 981880 334
338728 999521 1857
61603 985363 547
566244 982925 306
864789 995892 1599
61603 985363 547
514474 983176 306
737047 994305 1559
61603 985363 547
871739 997909 2032
602879 983767 270
816418 992878 1584
159392 984808 278
533248 997058 2308
816418 992878 1584
692148 999595 2759
533248 997058 2308
83113 989958 910
598697 993997 1816
495085 990693 958
816418 992878 1584
407932 989692 585
849 996868 3138
957655 990305 631
67221 997440 3474
816418 992878 1584
939512 999243 4302
628149 991083 742
816418 992878 1584
344419 990328 341
628149 991083 742
472339 996076 3578
532661 999662 5712
816418 992878 1584
472339 996076 3578
50868 999957 6186
598697 993997 1816
322145 999198 6018
48189 992585 674
598697 993997 1816
479364 999531 6444
653761 992752 626
472339 996076 3578
737047 994305 1559
148478 996492 4085
472339 996076 3578
574070 998092 6325
148478 996492 4085
332672 994593 894
72375 999294 8911
148478 996492 4085
54578 999732 10735
325650 994959 63
75371 999794 10967
864789 995892 1599
894846 998398 8006
58141 999784 11894
237858 995865 809
894846 998398 8006
849 996868 3138
32336 999936 13899
954657 996403 379
270169 999557 13435
533248 997058 2308
594156 999083 11648
434608 996679 527
533248 997058 2308
30480 998624 9986
67221 997440 3474
9555 999825 16654
30480 998624 9986
84486 999738 16939
574070 998092 6325
30480 998624 9986
68415 999784 19655
894846 998398 8006
556837 999816 19937
68415 999784 19655
871739 997909 2032
583398 999850 20610
594156 999083 11648
575534 999646 20452
272362 998444 1005
594156 999083 11648
951123 999911 27442
575534 999646 20452
565391 999947 29523
322145 999198 6018
575534 999646 20452
72375 999294 8911
694844 999929 31466
575534 999646 20452
939512 999243 4302
850736 999834 28653
575534 999646 20452
308705 999818 31049
270169 999557 13435
197687 999804 30526
479364 999531 6444
589323 999883 43559
338728 999521 1857
575534 999646 20452
457289 999998 76031
692148 999595 2759
402806 999983 74188
532661 999662 5712
406382 999951 81358
842355 999993 92731
84486 999738 16939
406382 999951 81358
54578 999732 10735
938657 999941 109670
68415 999784 19655
776733 999980 135626
197687 999804 30526
127336 999992 158381
58141 999784 11894
749178 999917 110056
308705 999818 31049
75371 999794 10967
305678 999976 165998
308705 999818 31049
525873 999933 151007
556837 999816 19937
876730 999935 154942
216091 999972 197912
525873 999933 151007
850736 999834 28653
876730 999935 154942
9555 999825 16654
596479 999992 233608
876730 999935 154942
583398 999850 20610
336042 999989 247643
876730 999935 154942
525873 999933 151007
586069 999966 217710
876730 999935 154942
589323 999883 43559
910999 999948 182995
876730 999935 154942
749178 999917 110056
525873 999933 151007
592401 999996 319783
876730 999935 154942
847733 999997 396754
951123 999911 27442
907662 999992 383127
910999 999948 182995
243690 999995 456703
938657 999941 109670
694844 999929 31466
232122 999983 451472
938657 999941 109670
786078 999963 303379
382309 999987 514705
32336 999936 13899
303491 999974 403715
941140 999992 608640
406382 999951 81358
565391 999947 29523
576250 999982 512202
406382 999951 81358
303491 999974 403715
921456 999986 587589
59913 999999 823484
576250 999982 512202
586069 999966 217710
921456 999986 587589
576250 999982 512202
958894 999991 692472
50868 999957 6186
576250 999982 512202
21823 999998 882579
921456 999986 587589
256870 999994 801660
216091 999972 197912
921456 999986 587589
305678 999976 165998
791366 999989 782325
232122 999983 451472
561671 999987 711808
776733 999980 135626
331988 999989 903092
561671 999987 711808
921456 999986 587589
402806 999983 74188
