33875.1 0.041596
33733.7 0.049813
34273.4 0.045495
33832.1 0.048284
33519.3 0.048896
34283.3 0.047858
34505 0.048853
34585.3 0.051244
33974.2 0.046274
34431.1 0.049104
34154 0.045815
34317.1 0.051499
33556.8 0.048072
34715.4 0.047993
34124 0.043637
34345.9 0.049079
33709.3 0.049902
33811.5 0.049402
34501.6 0.045023
34622.5 0.042235
34252.7 0.05209
34632.9 0.047227
33408.4 0.053854
34847.5 0.041181
34426.5 0.048152
33679.4 0.044637
34804.8 0.043714
33818.1 0.050757
34307.3 0.050427
34692.7 0.049239
34755.8 0.048498
34339.6 0.047964
34697.6 0.047604
34080.5 0.044068
33577.9 0.038695
34127.6 0.048467
34623.2 0.048494
34160.3 0.047959
33959.9 0.041862
34051.2 0.045878
34278 0.04257
34678.4 0.049449
34767.6 0.048643
33560.4 0.047084
34496.8 0.043862
34092.3 0.048045
34173.8 0.047881
34253.5 0.042695
34269.8 0.046149
33927.7 0.040584
34199.7 0.044188
33959.7 0.049224
33579.1 0.051852
34108.8 0.046854
34617 0.041693
34689.1 0.045455
34215.5 0.048679
33743.5 0.041777
34050.4 0.047731
34156.5 0.046139
33379.1 0.04963
34263 0.035973
34109.6 0.047581
34388.2 0.048009
34318.4 0.05056
33309.1 0.044965
33879.3 0.047928
34436.7 0.053266
33866.2 0.052357
33900.2 0.048467
34446.8 0.051905
34797.4 0.054425
34217 0.055976
34183.1 0.043513
34354.9 0.047293
34905.9 0.05261
34205.2 0.046371
34054.9 0.048184
33917.8 0.052499
33727.3 0.051518
34762.2 0.05627
34291.2 0.050089
34165.3 0.049515
34330.9 0.052115
34714.2 0.046282
34185.8 0.048399
34769.7 0.059891
34001.8 0.050111
34069.3 0.048257
33772.6 0.053305
33548.8 0.044479
33792.4 0.046818
34415.3 0.057725
34619.3 0.049
34396.2 0.045426
34271.3 0.049783
34446.6 0.051956
34095.1 0.049505
34399.6 0.041437
33966 0.04008
33717.3 0.047175
34104.6 0.04574
34337.8 0.048059
34397.2 0.034326
34591.9 0.053005
34447.9 0.044686
34305.9 0.042648
34264.8 0.045371
34227.3 0.042732
34188.9 0.034156
34738.1 0.051132
34442.4 0.047855
34533.8 0.048331
33814.9 0.049095
34182.9 0.050165
34641.3 0.052533
34650.2 0.048105
33186.5 0.050076
34727.8 0.042564
34259.7 0.045269
34629.5 0.052786
34648.3 0.05733
34261.1 0.044783
34291.4 0.04266
34317.2 0.046936
34758.2 0.045794
33776.1 0.051233
34268 0.043832
33915.4 0.043421
33492.8 0.050033
34170.5 0.04653
33987.5 0.04763
34376.1 0.035045
34017.1 0.043462
34331.4 0.0436
34688 0.050662
33601.4 0.049481
34679.9 0.052237
34515 0.04287
34367.5 0.051389
34746.7 0.044613
34305 0.042276
34234.1 0.050387
34086.2 0.051918
34472.2 0.047293
34359.8 0.044947
33624.2 0.051157
34318.1 0.04349
33742.1 0.05263
34279.2 0.044202
34745.5 0.051317
34542.5 0.05023
34587.7 0.04693
34141.6 0.042906
33898.9 0.047134
34052.5 0.049194
34776.7 0.046764
34312.2 0.048826
34310.4 0.044942
34700 0.049155
34447 0.050267
33640.2 0.047381
33960.8 0.0403
33971 0.0477
33723.1 0.042039
34442.6 0.048264
34042.2 0.047212
34066.2 0.048592
34324.3 0.044729
34240.9 0.047287
34010.2 0.045075
34615.6 0.043623
34038.2 0.048662
34433.3 0.046465
34418.3 0.044683
34669.6 0.046038
33975.2 0.043239
34204.6 0.049614
33617.2 0.049239
34027.2 0.043984
33498.1 0.051947
34215 0.044651
34384.9 0.045536
34504.3 0.048427
34305.9 0.042038
33699.4 0.048558
34143.2 0.045943
33989.9 0.043926
34344.9 0.045666
33932.9 0.050406
34064.4 0.052498
34431.3 0.050647
34268.5 0.046389
33281.9 0.051603
34061.6 0.049229
34269.1 0.048894
34048.6 0.049478
34193.1 0.039026
34630.8 0.048532
34139.4 0.045996
34557.1 0.049961
34363.6 0.042752
34538.1 0.048115
34367.9 0.046496
34208.4 0.047088
34469.1 0.046086
34201.7 0.043809
34454.5 0.047826
34389.9 0.048336
34145.3 0.057882
34670.2 0.0525
34446.3 0.047166
34359.2 0.05763
34271.6 0.052704
34382.6 0.049854
34473.9 0.050037
34550.6 0.051889
33927.9 0.041293
34722.5 0.051762
34086.4 0.048886
33471.7 0.051682
33583.9 0.049294
34354.8 0.047823
33610.1 0.050971
33622.4 0.047922
34119 0.044868
34526 0.046358
34260.8 0.045228
33896.4 0.05061
34267.3 0.047933
34697.4 0.049448
34191.3 0.041705
33975.6 0.047765
34011.8 0.047273
34668.9 0.046266
34328 0.043421
33537.3 0.049004
34330 0.043426
35116 0.0468
34566.7 0.053213
33570.2 0.046848
34468.9 0.04813
34189.2 0.047647
34391.7 0.047526
33867.6 0.046042
34043.7 0.042483
34234.2 0.049298
34905.6 0.046983
34395.6 0.045616
33729.8 0.05167
33963.6 0.049619
34445.9 0.047796
34212.4 0.048476
34401.6 0.046069
34483.5 0.053438
34774.1 0.046009
34506.5 0.049541
34775.4 0.047356
34508.5 0.047286
34689.9 0.041741
34081.8 0.04507
34152.2 0.04393
34618.9 0.051419
34057.6 0.047249
33610.6 0.052284
34745.4 0.04862
34102.8 0.044998
34401.5 0.048524
34284.1 0.046799
34730 0.046487
34196.8 0.048943
34570.3 0.047245
33699.5 0.046983
34502.8 0.047482
34538.5 0.046447
33996.4 0.045263
34336.8 0.046773
34325.9 0.043351
34549.9 0.047398
34245.3 0.03952
34631.1 0.047085
34292.3 0.050445
33967.2 0.044845
33882.9 0.048796
34183.6 0.049067
34062.9 0.046578
34658.7 0.048111
33717 0.04793
34308.7 0.048083
34290.2 0.047056
33837.1 0.048355
34025.2 0.03927
34250.9 0.043902
34344.7 0.042969
34605.3 0.050878
33760.9 0.043952
34200.2 0.049945
34446.2 0.046351
34379.5 0.041737
34833 0.054523