33875.1 0.381403
33733.7 0.37381
34273.4 0.244492
33832.1 0.365782
33519.3 0.423029
34283.3 0.287623
34505 0.222837
34585.3 0.203341
33974.2 0.307205
34431.1 0.253951
34154 0.293261
34317.1 0.233378
33556.8 0.456884
34715.4 0.202297
34124 0.313551
34345.9 0.286096
33709.3 0.398656
33811.5 0.341881
34501.6 0.24292
34622.5 0.212929
34252.7 0.298127
34632.9 0.199612
33408.4 0.420672
34847.5 0.18191
34426.5 0.22588
33679.4 0.36332
34804.8 0.168652
33818.1 0.416639
34307.3 0.270669
34692.7 0.1814
34755.8 0.210797
34339.6 0.252527
34697.6 0.189363
34080.5 0.348788
33577.9 0.38185
34127.6 0.303193
34623.2 0.218927
34160.3 0.326377
33959.9 0.357984
34051.2 0.320217
34278 0.285026
34678.4 0.215151
34767.6 0.19606
33560.4 0.384132
34496.8 0.224618
34092.3 0.335728
34173.8 0.277041
34253.5 0.292759
34269.8 0.27031
33927.7 0.362778
34199.7 0.313227
33959.7 0.324465
33579.1 0.428143
34108.8 0.329208
34617 0.204357
34689.1 0.20077
34215.5 0.274621
33743.5 0.393522
34050.4 0.345898
34156.5 0.292363
33379.1 0.486329
34263 0.286556
34109.6 0.31963
34388.2 0.243267
34318.4 0.259248
33309.1 0.508515
33879.3 0.388622
34436.7 0.257705
33866.2 0.59518
33900.2 0.431664
34446.8 0.275796
34797.4 0.204183
34217 0.415118
34183.1 0.351593
34354.9 0.289348
34905.9 0.186342
34205.2 0.266493
34054.9 0.340243
33917.8 0.348122
33727.3 0.415532
34762.2 0.288862
34291.2 0.295365
34165.3 0.381814
34330.9 0.317114
34714.2 0.210746
34185.8 0.300579
34769.7 0.253224
34001.8 0.383739
34069.3 0.375787
33772.6 0.410696
33548.8 0.596949
33792.4 0.418147
34415.3 0.343346
34619.3 0.274755
34396.2 0.305109
34271.3 0.34262
34446.6 0.256333
34095.1 0.399982
34399.6 0.251269
33966 0.342998
33717.3 0.402542
34104.6 0.334449
34337.8 0.272953
34397.2 0.269239
34591.9 0.237654
34447.9 0.231005
34305.9 0.296043
34264.8 0.291458
34227.3 0.278881
34188.9 0.315008
34738.1 0.184127
34442.4 0.238947
34533.8 0.236758
33814.9 0.397166
34182.9 0.248738
34641.3 0.183495
34650.2 0.210605
33507.4 0.409967
34727.8 0.174682
34259.7 0.304676
34629.5 0.205611
34648.3 0.210991
34261.1 0.297926
34291.4 0.262772
34365.4 0.284999
34758.2 0.19028
33776.1 0.377967
34268 0.269151
33915.4 0.325182
33492.8 0.379488
34170.5 0.306288
33987.5 0.305323
34376.1 0.282715
34017.1 0.331761
34331.4 0.282822
34688 0.178138
33601.4 0.451322
34679.9 0.209742
34515 0.263592
34367.5 0.258593
34746.7 0.202152
34305 0.283056
34234.1 0.275501
34086.2 0.288636
34472.2 0.239843
34359.8 0.249235
33624.2 0.417256
34318.1 0.294549
33742.1 0.389534
34279.2 0.288628
34745.5 0.208014
34542.5 0.223058
34587.7 0.242771
34141.6 0.310097
33898.9 0.356154
34052.5 0.329881
34776.7 0.187163
34312.2 0.234812
34310.4 0.28838
34700 0.199012
34447 0.242357
33640.2 0.497774
33960.8 0.353373
33971 0.380803
33723.1 0.374708
34442.6 0.251052
34042.2 0.318035
34066.2 0.341908
34324.3 0.29375
34240.9 0.299125
34010.2 0.341794
34615.6 0.21357
34038.2 0.325372
34433.3 0.259233
34418.3 0.256357
34669.6 0.192979
33975.2 0.339819
34204.6 0.302659
33617.2 0.399447
34027.2 0.328124
33498.1 0.464669
34215 0.293228
34384.9 0.295453
34504.3 0.242025
34305.9 0.26796
33699.4 0.397618
34143.2 0.309454
33989.9 0.343868
34344.9 0.299679
33932.9 0.355909
34064.4 0.393687
34431.3 0.249118
34268.5 0.293088
33281.9 0.487683
34061.6 0.349704
34269.1 0.259321
34048.6 0.356106
34193.1 0.338297
34630.8 0.216266
34139.4 0.316085
34557.1 0.216343
34363.6 0.29459
34538.1 0.222414
34367.9 0.278708
34208.4 0.304117
34469.1 0.23346
34201.7 0.295739
34454.5 0.253436
34389.9 0.220254
34145.3 0.329345
34670.2 0.20027
34446.3 0.224118
34359.2 0.27107
34271.6 0.265115
34382.6 0.267044
34473.9 0.278734
34550.6 0.222249
33927.9 0.360415
34722.5 0.208761
34086.4 0.340962
33471.7 0.457033
33583.9 0.469338
34354.8 0.260975
33610.1 0.367264
33622.4 0.431551
34119 0.295387
34526 0.218598
34260.8 0.326015
33896.4 0.337212
34267.3 0.293489
34697.4 0.197602
34191.3 0.272064
33975.6 0.375607
34011.8 0.345072
34668.9 0.202339
34328 0.26089
33652.3 0.408963
34330 0.312719
35116 0.127748
34566.7 0.24519
33570.2 0.401835
34468.9 0.227563
34189.2 0.298489
34391.7 0.275917
33867.6 0.355667
34043.7 0.349135
34234.2 0.324071
34905.6 0.15589
34395.6 0.266609
33729.8 0.418604
33963.6 0.334275
34445.9 0.249283
34212.4 0.300741
34401.6 0.290521
34483.5 0.23143
34774.1 0.187913
34506.5 0.224201
34775.4 0.214614
34508.5 0.260702
34689.9 0.183032
34081.8 0.325415
34152.2 0.301206
34618.9 0.226908
34057.6 0.364051
33610.6 0.452537
34745.4 0.158882
34102.8 0.339247
34401.5 0.242507
34284.1 0.275382
34730 0.193912
34196.8 0.297019
34570.3 0.242679
33699.5 0.388141
34502.8 0.233104
34538.5 0.251672
33996.4 0.380108
34336.8 0.288143
34325.9 0.268006
34549.9 0.233055
34245.3 0.316228
34631.1 0.210783
34292.3 0.32184
33967.2 0.357016
33882.9 0.33454
34183.6 0.312878
34062.9 0.309049
34658.7 0.198886
33717 0.420625
34308.7 0.292976
34290.2 0.254401
33837.1 0.371334
34025.2 0.326008
34250.9 0.303342
34344.7 0.294261
34605.3 0.218546
33760.9 0.428267
34200.2 0.315776
34446.2 0.275502
34379.5 0.271669
34833 0.189119